Arguments: 
  C:\Program Files\nodejs\node.exe C:\Program Files (x86)\Yarn\bin\yarn.js add chai

PATH: 
  C:\Users\陈光展\bin;E:\Git\mingw64\bin;E:\Git\usr\local\bin;E:\Git\usr\bin;E:\Git\usr\bin;E:\Git\mingw64\bin;E:\Git\usr\bin;C:\Users\陈光展\bin;C:\Program Files (x86)\Common Files\Oracle\Java\javapath;C:\Windows\system32;C:\Windows;C:\Windows\System32\Wbem;C:\Windows\System32\WindowsPowerShell\v1.0;C:\Windows\System32\OpenSSH;C:\Program Files\OpenVPN\bin;C:\Program Files\nodejs;G:\Microsoft VS Code\bin;E:\Git\cmd;E:\Git\mingw64\bin;E:\Git\usr\bin;C:\Program Files (x86)\Yarn\bin;C:\Users\陈光展\AppData\Local\Microsoft\WindowsApps;E:\Bandizip;G:\Microsoft VS Code\bin;C:\Users\陈光展\AppData\Roaming\npm;C:\Program Files\MongoDB\Server\4.0\bin;C:\Program Files\nodejs;C:\Program Files (x86)\Yarn;C:\Users\陈光展\AppData\Local\Yarn\bin;E:\Git\usr\bin\vendor_perl;E:\Git\usr\bin\core_perl

Yarn version: 
  1.16.0

Node version: 
  10.15.2

Platform: 
  win32 x64

Trace: 
  Error: true/chai-spies: Invalid URI "true/chai-spies"
      at Request.module.exports.Request.init (C:\Program Files (x86)\Yarn\lib\cli.js:129678:31)
      at new Request (C:\Program Files (x86)\Yarn\lib\cli.js:129532:8)
      at request (C:\Program Files (x86)\Yarn\lib\cli.js:126438:10)
      at RequestManager.execute (C:\Program Files (x86)\Yarn\lib\cli.js:65252:15)
      at RequestManager.shiftQueue (C:\Program Files (x86)\Yarn\lib\cli.js:65290:10)
      at C:\Program Files (x86)\Yarn\lib\cli.js:64969:13
      at new Promise (<anonymous>)
      at new F (C:\Program Files (x86)\Yarn\lib\cli.js:5228:28)
      at RequestManager.request (C:\Program Files (x86)\Yarn\lib\cli.js:64967:19)
      at NpmRegistry.<anonymous> (C:\Program Files (x86)\Yarn\lib\cli.js:31614:42)

npm manifest: 
  {
    "name": "brazen-sec",
    "version": "0.0.2",
    "description": "这是一个UI框架",
    "main": "dist/index.js",
    "scripts": {
      "dev-test": "parcel watch test/* --no-cache & karma start",
      "test": "parcel build test/* --no-cache --no-minify && karma start --single-run"
    },
    "repository": {
      "type": "git",
      "url": "git+https://github.com/wxx961023/gulu.git"
    },
    "keywords": [
      "vue",
      "ui"
    ],
    "author": "Brazen",
    "license": "MIT",
    "bugs": {
      "url": "https://github.com/wxx961023/gulu/issues"
    },
    "homepage": "https://github.com/wxx961023/gulu#readme",
    "dependencies": {
      "chai-spies": "^1.0.0",
      "vue": "^2.6.10",
      "vue-hot-reload-api": "^2.3.3"
    },
    "devDependencies": {
      "@vue/component-compiler-utils": "^3.0.0",
      "chai": "^4.2.0",
      "karma": "^4.1.0",
      "karma-chai": "^0.1.0",
      "karma-chai-spies": "^0.1.4",
      "karma-chrome-launcher": "^2.2.0",
      "karma-mocha": "^1.3.0",
      "karma-sinon-chai": "^2.0.2",
      "mocha": "^6.1.4",
      "parcel-bundler": "^1.12.3",
      "sass": "^1.20.1",
      "sinon": "^7.3.2",
      "sinon-chai": "^3.3.0",
      "vue-template-compiler": "^2.6.10"
    },
    "alias": {
      "vue": "./node_modules/vue/dist/vue.common.js"
    }
  }

yarn manifest: 
  No manifest

Lockfile: 
  No lockfile
